Using tensorboardX
Fix size testing.
training chunk_sizes: [6, 6]
The output will be saved to  /nfs/u40/xur86/FairMOT/src/lib/../../exp/mot/mot17_dla34
Setting up data...
================================================================================
dataset summary
OrderedDict([('mot17', 1506.0)])
total # identities: 1507
start index
OrderedDict([('mot17', 0)])
================================================================================
heads {'hm': 1, 'wh': 4, 'id': 128, 'reg': 2}
Namespace(K=500, arch='dla_34', batch_size=12, cat_spec_wh=False, chunk_sizes=[6, 6], conf_thres=0.4, data_cfg='../src/lib/cfg/mot17.json', data_dir='/u40/xur86/datasets', dataset='jde', debug_dir='/nfs/u40/xur86/FairMOT/src/lib/../../exp/mot/mot17_dla34/debug', dense_wh=False, det_thres=0.3, down_ratio=4, exp_dir='/nfs/u40/xur86/FairMOT/src/lib/../../exp/mot', exp_id='mot17_dla34', fix_res=True, gpus=[2, 3], gpus_str='2, 3', head_conv=256, heads={'hm': 1, 'wh': 4, 'id': 128, 'reg': 2}, hide_data_time=False, hm_weight=1, id_loss='ce', id_weight=1, img_size=(1088, 608), input_h=1088, input_res=1088, input_video='../videos/MOT16-03.mp4', input_w=608, keep_res=False, load_model='../models/ctdet_coco_dla_2x.pth', lr=0.0001, lr_step=[20], ltrb=True, master_batch_size=6, mean=None, metric='loss', min_box_area=100, mse_loss=False, multi_loss='uncertainty', nID=1507, nms_thres=0.4, norm_wh=False, not_cuda_benchmark=False, not_prefetch_test=False, not_reg_offset=False, num_classes=1, num_epochs=30, num_iters=-1, num_stacks=1, num_workers=8, off_weight=1, output_format='video', output_h=272, output_res=272, output_root='../demos', output_w=152, pad=31, print_iter=0, reg_loss='l1', reg_offset=True, reid_dim=128, resume=False, root_dir='/nfs/u40/xur86/FairMOT/src/lib/../..', save_all=False, save_dir='/nfs/u40/xur86/FairMOT/src/lib/../../exp/mot/mot17_dla34', seed=317, std=None, task='mot', test=False, test_hie=False, test_mot15=False, test_mot16=False, test_mot17=False, test_mot20=False, track_buffer=30, trainval=False, val_hie=False, val_intervals=5, val_mot15=False, val_mot16=False, val_mot17=True, val_mot20=False, vis_thresh=0.5, wh_weight=0.1)
Creating model...
Starting training...
loaded ../models/ctdet_coco_dla_2x.pth, epoch 230
Skip loading parameter hm.2.weight, required shapetorch.Size([1, 256, 1, 1]), loaded shapetorch.Size([80, 256, 1, 1]). If you see this, your model does not fully load the pre-trained weight. Please make sure you have correctly specified --arch xxx or set the correct --num_classes for your own dataset.
Skip loading parameter hm.2.bias, required shapetorch.Size([1]), loaded shapetorch.Size([80]). If you see this, your model does not fully load the pre-trained weight. Please make sure you have correctly specified --arch xxx or set the correct --num_classes for your own dataset.
Skip loading parameter wh.2.weight, required shapetorch.Size([4, 256, 1, 1]), loaded shapetorch.Size([2, 256, 1, 1]). If you see this, your model does not fully load the pre-trained weight. Please make sure you have correctly specified --arch xxx or set the correct --num_classes for your own dataset.
Skip loading parameter wh.2.bias, required shapetorch.Size([4]), loaded shapetorch.Size([2]). If you see this, your model does not fully load the pre-trained weight. Please make sure you have correctly specified --arch xxx or set the correct --num_classes for your own dataset.
No param id.0.weight.If you see this, your model does not fully load the pre-trained weight. Please make sure you have correctly specified --arch xxx or set the correct --num_classes for your own dataset.
No param id.0.bias.If you see this, your model does not fully load the pre-trained weight. Please make sure you have correctly specified --arch xxx or set the correct --num_classes for your own dataset.
No param id.2.weight.If you see this, your model does not fully load the pre-trained weight. Please make sure you have correctly specified --arch xxx or set the correct --num_classes for your own dataset.
No param id.2.bias.If you see this, your model does not fully load the pre-trained weight. Please make sure you have correctly specified --arch xxx or set the correct --num_classes for your own dataset.
/u40/xur86/anaconda3/envs/FairMOT/lib/python3.8/site-packages/torch/nn/_reduction.py:44: UserWarning: size_average and reduce args will be deprecated, please use reduction='sum' instead.
  warnings.warn(warning.format(ret))
/u40/xur86/anaconda3/envs/FairMOT/lib/python3.8/site-packages/torch/nn/parallel/_functions.py:64: UserWarning: Was asked to gather along dimension 0, but all input tensors were scalars; will instead unsqueeze and return a vector.
  warnings.warn('Was asked to gather along dimension 0, but all '
